<?xml version="1.0" encoding="UTF-8"?>
<coverage generated="1710059695459" clover="3.2.0">
  <project timestamp="1710059695459" name="All files">
    <metrics statements="277" coveredstatements="267" conditionals="185" coveredconditionals="173" methods="22" coveredmethods="22" elements="484" coveredelements="462" complexity="0" loc="277" ncloc="277" packages="1" files="2" classes="2"/>
    <file name="criteria-validate.ts" path="/Users/danghuuphuc001/Desktop/Projects/seo-analyzer/src/criteria-validate.ts">
      <metrics statements="255" coveredstatements="245" conditionals="185" coveredconditionals="173" methods="10" coveredmethods="10"/>
      <line num="1" count="1" type="stmt"/>
      <line num="28" count="33" type="stmt"/>
      <line num="39" count="1" type="stmt"/>
      <line num="40" count="1" type="stmt"/>
      <line num="41" count="1" type="stmt"/>
      <line num="43" count="1" type="stmt"/>
      <line num="60" count="33" type="stmt"/>
      <line num="71" count="1" type="stmt"/>
      <line num="72" count="7" type="stmt"/>
      <line num="73" count="7" type="stmt"/>
      <line num="74" count="7" type="stmt"/>
      <line num="75" count="7" type="stmt"/>
      <line num="76" count="7" type="stmt"/>
      <line num="77" count="7" type="stmt"/>
      <line num="78" count="7" type="stmt"/>
      <line num="82" count="7" type="cond" truecount="4" falsecount="0"/>
      <line num="83" count="3" type="stmt"/>
      <line num="84" count="4" type="cond" truecount="2" falsecount="0"/>
      <line num="85" count="2" type="stmt"/>
      <line num="86" count="2" type="cond" truecount="2" falsecount="0"/>
      <line num="87" count="1" type="stmt"/>
      <line num="88" count="1" type="stmt"/>
      <line num="89" count="1" type="stmt"/>
      <line num="93" count="1" type="stmt"/>
      <line num="94" count="1" type="stmt"/>
      <line num="95" count="1" type="stmt"/>
      <line num="96" count="1" type="stmt"/>
      <line num="99" count="2" type="stmt"/>
      <line num="110" count="1" type="stmt"/>
      <line num="111" count="12" type="stmt"/>
      <line num="113" count="12" type="stmt"/>
      <line num="114" count="12" type="stmt"/>
      <line num="115" count="12" type="stmt"/>
      <line num="116" count="12" type="stmt"/>
      <line num="117" count="12" type="stmt"/>
      <line num="118" count="12" type="stmt"/>
      <line num="119" count="12" type="stmt"/>
      <line num="123" count="12" type="stmt"/>
      <line num="125" count="9" type="cond" truecount="3" falsecount="1"/>
      <line num="126" count="0" type="stmt"/>
      <line num="127" count="9" type="cond" truecount="2" falsecount="0"/>
      <line num="128" count="1" type="stmt"/>
      <line num="129" count="8" type="cond" truecount="2" falsecount="0"/>
      <line num="130" count="1" type="stmt"/>
      <line num="131" count="7" type="cond" truecount="2" falsecount="0"/>
      <line num="136" count="1" type="stmt"/>
      <line num="137" count="6" type="cond" truecount="4" falsecount="0"/>
      <line num="138" count="1" type="stmt"/>
      <line num="139" count="5" type="cond" truecount="2" falsecount="0"/>
      <line num="140" count="1" type="stmt"/>
      <line num="141" count="4" type="cond" truecount="2" falsecount="0"/>
      <line num="142" count="1" type="stmt"/>
      <line num="143" count="1" type="stmt"/>
      <line num="144" count="1" type="stmt"/>
      <line num="145" count="1" type="stmt"/>
      <line num="146" count="3" type="cond" truecount="2" falsecount="0"/>
      <line num="147" count="1" type="stmt"/>
      <line num="148" count="1" type="stmt"/>
      <line num="149" count="1" type="stmt"/>
      <line num="150" count="1" type="stmt"/>
      <line num="151" count="2" type="cond" truecount="3" falsecount="0"/>
      <line num="152" count="2" type="stmt"/>
      <line num="153" count="2" type="stmt"/>
      <line num="154" count="2" type="stmt"/>
      <line num="157" count="4" type="stmt"/>
      <line num="168" count="1" type="stmt"/>
      <line num="175" count="18" type="stmt"/>
      <line num="176" count="18" type="stmt"/>
      <line num="178" count="18" type="stmt"/>
      <line num="180" count="16" type="stmt"/>
      <line num="182" count="13" type="stmt"/>
      <line num="183" count="13" type="stmt"/>
      <line num="184" count="13" type="stmt"/>
      <line num="185" count="13" type="stmt"/>
      <line num="186" count="13" type="stmt"/>
      <line num="187" count="13" type="stmt"/>
      <line num="188" count="13" type="stmt"/>
      <line num="194" count="13" type="cond" truecount="3" falsecount="1"/>
      <line num="195" count="0" type="stmt"/>
      <line num="196" count="13" type="cond" truecount="2" falsecount="0"/>
      <line num="200" count="3" type="stmt"/>
      <line num="201" count="10" type="cond" truecount="1" falsecount="1"/>
      <line num="205" count="0" type="stmt"/>
      <line num="206" count="10" type="cond" truecount="5" falsecount="0"/>
      <line num="207" count="1" type="stmt"/>
      <line num="210" count="9" type="cond" truecount="2" falsecount="0"/>
      <line num="215" count="1" type="stmt"/>
      <line num="218" count="8" type="cond" truecount="2" falsecount="0"/>
      <line num="223" count="2" type="stmt"/>
      <line num="226" count="6" type="cond" truecount="4" falsecount="0"/>
      <line num="227" count="3" type="stmt"/>
      <line num="228" count="3" type="stmt"/>
      <line num="229" count="3" type="stmt"/>
      <line num="230" count="3" type="stmt"/>
      <line num="231" count="3" type="cond" truecount="2" falsecount="0"/>
      <line num="232" count="1" type="stmt"/>
      <line num="233" count="1" type="stmt"/>
      <line num="234" count="1" type="stmt"/>
      <line num="235" count="1" type="stmt"/>
      <line num="236" count="1" type="stmt"/>
      <line num="237" count="2" type="cond" truecount="2" falsecount="0"/>
      <line num="243" count="1" type="stmt"/>
      <line num="244" count="1" type="stmt"/>
      <line num="245" count="1" type="stmt"/>
      <line num="246" count="1" type="stmt"/>
      <line num="247" count="1" type="cond" truecount="1" falsecount="0"/>
      <line num="248" count="1" type="stmt"/>
      <line num="249" count="1" type="stmt"/>
      <line num="250" count="1" type="stmt"/>
      <line num="251" count="1" type="stmt"/>
      <line num="256" count="6" type="stmt"/>
      <line num="267" count="1" type="stmt"/>
      <line num="268" count="13" type="stmt"/>
      <line num="269" count="13" type="stmt"/>
      <line num="271" count="13" type="stmt"/>
      <line num="273" count="11" type="stmt"/>
      <line num="274" count="11" type="stmt"/>
      <line num="275" count="11" type="stmt"/>
      <line num="276" count="11" type="stmt"/>
      <line num="277" count="11" type="stmt"/>
      <line num="278" count="11" type="stmt"/>
      <line num="279" count="11" type="stmt"/>
      <line num="283" count="11" type="stmt"/>
      <line num="286" count="11" type="cond" truecount="3" falsecount="1"/>
      <line num="287" count="0" type="stmt"/>
      <line num="288" count="11" type="cond" truecount="2" falsecount="0"/>
      <line num="289" count="1" type="stmt"/>
      <line num="290" count="10" type="cond" truecount="2" falsecount="0"/>
      <line num="291" count="2" type="stmt"/>
      <line num="292" count="8" type="cond" truecount="1" falsecount="1"/>
      <line num="293" count="0" type="stmt"/>
      <line num="294" count="8" type="cond" truecount="1" falsecount="1"/>
      <line num="295" count="0" type="stmt"/>
      <line num="296" count="8" type="cond" truecount="1" falsecount="1"/>
      <line num="302" count="0" type="stmt"/>
      <line num="303" count="8" type="cond" truecount="4" falsecount="0"/>
      <line num="304" count="3" type="stmt"/>
      <line num="305" count="3" type="stmt"/>
      <line num="306" count="3" type="stmt"/>
      <line num="307" count="3" type="stmt"/>
      <line num="308" count="5" type="cond" truecount="4" falsecount="0"/>
      <line num="309" count="2" type="stmt"/>
      <line num="310" count="2" type="stmt"/>
      <line num="311" count="2" type="stmt"/>
      <line num="312" count="2" type="stmt"/>
      <line num="313" count="3" type="cond" truecount="4" falsecount="0"/>
      <line num="314" count="1" type="stmt"/>
      <line num="315" count="1" type="stmt"/>
      <line num="316" count="1" type="stmt"/>
      <line num="317" count="1" type="stmt"/>
      <line num="318" count="2" type="cond" truecount="3" falsecount="0"/>
      <line num="319" count="2" type="stmt"/>
      <line num="320" count="2" type="stmt"/>
      <line num="321" count="2" type="stmt"/>
      <line num="322" count="2" type="stmt"/>
      <line num="325" count="8" type="stmt"/>
      <line num="336" count="1" type="stmt"/>
      <line num="337" count="7" type="stmt"/>
      <line num="339" count="7" type="stmt"/>
      <line num="340" count="7" type="stmt"/>
      <line num="341" count="7" type="stmt"/>
      <line num="342" count="7" type="stmt"/>
      <line num="343" count="7" type="stmt"/>
      <line num="344" count="7" type="stmt"/>
      <line num="348" count="7" type="cond" truecount="2" falsecount="0"/>
      <line num="349" count="2" type="stmt"/>
      <line num="350" count="5" type="cond" truecount="2" falsecount="0"/>
      <line num="351" count="1" type="stmt"/>
      <line num="352" count="4" type="cond" truecount="2" falsecount="0"/>
      <line num="353" count="2" type="stmt"/>
      <line num="354" count="2" type="cond" truecount="2" falsecount="0"/>
      <line num="355" count="1" type="stmt"/>
      <line num="356" count="1" type="stmt"/>
      <line num="357" count="1" type="stmt"/>
      <line num="359" count="1" type="cond" truecount="1" falsecount="0"/>
      <line num="360" count="1" type="stmt"/>
      <line num="361" count="1" type="stmt"/>
      <line num="362" count="1" type="stmt"/>
      <line num="363" count="1" type="stmt"/>
      <line num="366" count="2" type="stmt"/>
      <line num="377" count="1" type="stmt"/>
      <line num="381" count="12" type="stmt"/>
      <line num="383" count="11" type="stmt"/>
      <line num="385" count="11" type="stmt"/>
      <line num="387" count="11" type="stmt"/>
      <line num="388" count="11" type="stmt"/>
      <line num="389" count="11" type="stmt"/>
      <line num="390" count="11" type="stmt"/>
      <line num="391" count="11" type="stmt"/>
      <line num="392" count="11" type="stmt"/>
      <line num="393" count="11" type="stmt"/>
      <line num="397" count="11" type="cond" truecount="2" falsecount="0"/>
      <line num="398" count="1" type="stmt"/>
      <line num="399" count="10" type="cond" truecount="2" falsecount="0"/>
      <line num="400" count="1" type="stmt"/>
      <line num="401" count="9" type="cond" truecount="2" falsecount="0"/>
      <line num="405" count="1" type="stmt"/>
      <line num="406" count="8" type="cond" truecount="3" falsecount="1"/>
      <line num="407" count="0" type="stmt"/>
      <line num="408" count="8" type="cond" truecount="2" falsecount="0"/>
      <line num="409" count="2" type="stmt"/>
      <line num="410" count="6" type="cond" truecount="1" falsecount="1"/>
      <line num="415" count="0" type="stmt"/>
      <line num="416" count="6" type="cond" truecount="4" falsecount="0"/>
      <line num="417" count="2" type="stmt"/>
      <line num="418" count="2" type="stmt"/>
      <line num="419" count="2" type="stmt"/>
      <line num="420" count="4" type="cond" truecount="2" falsecount="0"/>
      <line num="424" count="3" type="stmt"/>
      <line num="425" count="3" type="stmt"/>
      <line num="426" count="3" type="stmt"/>
      <line num="427" count="3" type="stmt"/>
      <line num="429" count="1" type="stmt"/>
      <line num="430" count="1" type="stmt"/>
      <line num="431" count="1" type="stmt"/>
      <line num="432" count="1" type="stmt"/>
      <line num="435" count="6" type="stmt"/>
      <line num="446" count="1" type="stmt"/>
      <line num="450" count="13" type="stmt"/>
      <line num="451" count="13" type="stmt"/>
      <line num="452" count="13" type="stmt"/>
      <line num="453" count="13" type="stmt"/>
      <line num="454" count="13" type="stmt"/>
      <line num="455" count="13" type="stmt"/>
      <line num="456" count="13" type="stmt"/>
      <line num="458" count="13" type="cond" truecount="4" falsecount="0"/>
      <line num="460" count="12" type="cond" truecount="4" falsecount="0"/>
      <line num="461" count="4" type="stmt"/>
      <line num="462" count="8" type="cond" truecount="1" falsecount="1"/>
      <line num="463" count="0" type="stmt"/>
      <line num="464" count="8" type="cond" truecount="2" falsecount="0"/>
      <line num="467" count="7" type="cond" truecount="3" falsecount="0"/>
      <line num="470" count="1" type="stmt"/>
      <line num="471" count="7" type="cond" truecount="1" falsecount="0"/>
      <line num="472" count="2" type="stmt"/>
      <line num="474" count="5" type="cond" truecount="4" falsecount="0"/>
      <line num="475" count="1" type="stmt"/>
      <line num="476" count="1" type="stmt"/>
      <line num="477" count="1" type="stmt"/>
      <line num="478" count="1" type="stmt"/>
      <line num="479" count="4" type="cond" truecount="5" falsecount="0"/>
      <line num="480" count="1" type="stmt"/>
      <line num="481" count="1" type="stmt"/>
      <line num="482" count="1" type="stmt"/>
      <line num="483" count="1" type="stmt"/>
      <line num="484" count="3" type="cond" truecount="5" falsecount="0"/>
      <line num="485" count="2" type="stmt"/>
      <line num="486" count="2" type="stmt"/>
      <line num="487" count="2" type="stmt"/>
      <line num="488" count="1" type="cond" truecount="3" falsecount="0"/>
      <line num="489" count="1" type="stmt"/>
      <line num="490" count="1" type="stmt"/>
      <line num="491" count="1" type="stmt"/>
      <line num="492" count="1" type="stmt"/>
      <line num="495" count="5" type="stmt"/>
    </file>
    <file name="seo-logs.ts" path="/Users/danghuuphuc001/Desktop/Projects/seo-analyzer/src/seo-logs.ts">
      <metrics statements="22" coveredstatements="22" conditionals="0" coveredconditionals="0" methods="12" coveredmethods="12"/>
      <line num="1" count="1" type="stmt"/>
      <line num="7" count="1" type="stmt"/>
      <line num="13" count="7" type="stmt"/>
      <line num="21" count="1" type="stmt"/>
      <line num="22" count="24" type="stmt"/>
      <line num="23" count="20" type="stmt"/>
      <line num="24" count="22" type="stmt"/>
      <line num="27" count="1" type="stmt"/>
      <line num="42" count="1" type="stmt"/>
      <line num="65" count="2" type="stmt"/>
      <line num="68" count="1" type="stmt"/>
      <line num="79" count="1" type="stmt"/>
      <line num="92" count="1" type="stmt"/>
      <line num="101" count="6" type="stmt"/>
      <line num="103" count="4" type="stmt"/>
      <line num="105" count="2" type="stmt"/>
      <line num="106" count="4" type="stmt"/>
      <line num="109" count="1" type="stmt"/>
      <line num="118" count="2" type="stmt"/>
      <line num="120" count="6" type="stmt"/>
      <line num="123" count="4" type="stmt"/>
      <line num="126" count="1" type="stmt"/>
    </file>
  </project>
</coverage>
