{"/Users/danghuuphuc001/Desktop/Projects/seo-analyzer/src/criteria-validate.ts": {"path":"/Users/danghuuphuc001/Desktop/Projects/seo-analyzer/src/criteria-validate.ts","statementMap":{"0":{"start":{"line":1,"column":0},"end":{"line":1,"column":null}},"1":{"start":{"line":28,"column":2},"end":{"line":36,"column":4}},"2":{"start":{"line":39,"column":13},"end":{"line":39,"column":28}},"3":{"start":{"line":40,"column":13},"end":{"line":40,"column":31}},"4":{"start":{"line":41,"column":13},"end":{"line":41,"column":29}},"5":{"start":{"line":60,"column":2},"end":{"line":68,"column":4}},"6":{"start":{"line":43,"column":0},"end":{"line":43,"column":16}},"7":{"start":{"line":71,"column":33},"end":{"line":108,"column":1}},"8":{"start":{"line":72,"column":32},"end":{"line":72,"column":69}},"9":{"start":{"line":73,"column":34},"end":{"line":73,"column":73}},"10":{"start":{"line":74,"column":22},"end":{"line":74,"column":23}},"11":{"start":{"line":75,"column":28},"end":{"line":75,"column":30}},"12":{"start":{"line":76,"column":27},"end":{"line":76,"column":29}},"13":{"start":{"line":77,"column":29},"end":{"line":77,"column":31}},"14":{"start":{"line":78,"column":37},"end":{"line":80,"column":4}},"15":{"start":{"line":82,"column":2},"end":{"line":97,"column":3}},"16":{"start":{"line":83,"column":4},"end":{"line":83,"column":47}},"17":{"start":{"line":84,"column":9},"end":{"line":97,"column":3}},"18":{"start":{"line":85,"column":4},"end":{"line":85,"column":54}},"19":{"start":{"line":86,"column":9},"end":{"line":97,"column":3}},"20":{"start":{"line":87,"column":4},"end":{"line":87,"column":41}},"21":{"start":{"line":88,"column":4},"end":{"line":88,"column":23}},"22":{"start":{"line":89,"column":4},"end":{"line":91,"column":16}},"23":{"start":{"line":93,"column":4},"end":{"line":93,"column":47}},"24":{"start":{"line":94,"column":4},"end":{"line":94,"column":23}},"25":{"start":{"line":95,"column":4},"end":{"line":95,"column":72}},"26":{"start":{"line":96,"column":4},"end":{"line":96,"column":50}},"27":{"start":{"line":99,"column":2},"end":{"line":107,"column":4}},"28":{"start":{"line":71,"column":13},"end":{"line":71,"column":33}},"29":{"start":{"line":111,"column":27},"end":{"line":111,"column":52}},"30":{"start":{"line":113,"column":32},"end":{"line":113,"column":62}},"31":{"start":{"line":114,"column":34},"end":{"line":114,"column":66}},"32":{"start":{"line":115,"column":22},"end":{"line":115,"column":23}},"33":{"start":{"line":116,"column":28},"end":{"line":116,"column":30}},"34":{"start":{"line":117,"column":27},"end":{"line":117,"column":29}},"35":{"start":{"line":118,"column":29},"end":{"line":118,"column":31}},"36":{"start":{"line":119,"column":37},"end":{"line":121,"column":4}},"37":{"start":{"line":123,"column":30},"end":{"line":123,"column":57}},"38":{"start":{"line":125,"column":2},"end":{"line":155,"column":3}},"39":{"start":{"line":126,"column":4},"end":{"line":126,"column":49}},"40":{"start":{"line":127,"column":9},"end":{"line":155,"column":3}},"41":{"start":{"line":128,"column":4},"end":{"line":128,"column":51}},"42":{"start":{"line":129,"column":9},"end":{"line":155,"column":3}},"43":{"start":{"line":130,"column":4},"end":{"line":130,"column":48}},"44":{"start":{"line":131,"column":9},"end":{"line":155,"column":3}},"45":{"start":{"line":136,"column":4},"end":{"line":136,"column":48}},"46":{"start":{"line":137,"column":9},"end":{"line":155,"column":3}},"47":{"start":{"line":138,"column":4},"end":{"line":138,"column":62}},"48":{"start":{"line":139,"column":9},"end":{"line":155,"column":3}},"49":{"start":{"line":140,"column":4},"end":{"line":140,"column":55}},"50":{"start":{"line":141,"column":9},"end":{"line":155,"column":3}},"51":{"start":{"line":142,"column":4},"end":{"line":142,"column":49}},"52":{"start":{"line":143,"column":4},"end":{"line":143,"column":23}},"53":{"start":{"line":144,"column":4},"end":{"line":144,"column":77}},"54":{"start":{"line":145,"column":4},"end":{"line":145,"column":44}},"55":{"start":{"line":146,"column":9},"end":{"line":155,"column":3}},"56":{"start":{"line":147,"column":4},"end":{"line":147,"column":48}},"57":{"start":{"line":148,"column":4},"end":{"line":148,"column":23}},"58":{"start":{"line":149,"column":4},"end":{"line":149,"column":77}},"59":{"start":{"line":150,"column":4},"end":{"line":150,"column":44}},"60":{"start":{"line":151,"column":9},"end":{"line":155,"column":3}},"61":{"start":{"line":152,"column":4},"end":{"line":152,"column":43}},"62":{"start":{"line":153,"column":4},"end":{"line":153,"column":23}},"63":{"start":{"line":154,"column":4},"end":{"line":154,"column":77}},"64":{"start":{"line":157,"column":2},"end":{"line":165,"column":4}},"65":{"start":{"line":110,"column":0},"end":{"line":110,"column":16}},"66":{"start":{"line":168,"column":29},"end":{"line":265,"column":1}},"67":{"start":{"line":175,"column":29},"end":{"line":175,"column":66}},"68":{"start":{"line":176,"column":24},"end":{"line":176,"column":44}},"69":{"start":{"line":178,"column":4},"end":{"line":178,"column":22}},"70":{"start":{"line":180,"column":50},"end":{"line":180,"column":65}},"71":{"start":{"line":182,"column":32},"end":{"line":182,"column":67}},"72":{"start":{"line":183,"column":32},"end":{"line":183,"column":62}},"73":{"start":{"line":184,"column":22},"end":{"line":184,"column":23}},"74":{"start":{"line":185,"column":28},"end":{"line":185,"column":30}},"75":{"start":{"line":186,"column":27},"end":{"line":186,"column":29}},"76":{"start":{"line":187,"column":29},"end":{"line":187,"column":31}},"77":{"start":{"line":188,"column":37},"end":{"line":192,"column":4}},"78":{"start":{"line":194,"column":2},"end":{"line":254,"column":3}},"79":{"start":{"line":195,"column":4},"end":{"line":195,"column":49}},"80":{"start":{"line":196,"column":9},"end":{"line":254,"column":3}},"81":{"start":{"line":200,"column":4},"end":{"line":200,"column":56}},"82":{"start":{"line":201,"column":9},"end":{"line":254,"column":3}},"83":{"start":{"line":205,"column":4},"end":{"line":205,"column":57}},"84":{"start":{"line":206,"column":9},"end":{"line":254,"column":3}},"85":{"start":{"line":207,"column":4},"end":{"line":209,"column":6}},"86":{"start":{"line":210,"column":9},"end":{"line":254,"column":3}},"87":{"start":{"line":215,"column":4},"end":{"line":217,"column":6}},"88":{"start":{"line":218,"column":9},"end":{"line":254,"column":3}},"89":{"start":{"line":223,"column":4},"end":{"line":225,"column":6}},"90":{"start":{"line":226,"column":9},"end":{"line":254,"column":3}},"91":{"start":{"line":227,"column":4},"end":{"line":227,"column":44}},"92":{"start":{"line":228,"column":4},"end":{"line":228,"column":23}},"93":{"start":{"line":229,"column":4},"end":{"line":229,"column":68}},"94":{"start":{"line":230,"column":4},"end":{"line":230,"column":52}},"95":{"start":{"line":231,"column":9},"end":{"line":254,"column":3}},"96":{"start":{"line":232,"column":4},"end":{"line":232,"column":47}},"97":{"start":{"line":233,"column":4},"end":{"line":233,"column":62}},"98":{"start":{"line":234,"column":4},"end":{"line":234,"column":23}},"99":{"start":{"line":235,"column":4},"end":{"line":235,"column":77}},"100":{"start":{"line":236,"column":4},"end":{"line":236,"column":61}},"101":{"start":{"line":237,"column":9},"end":{"line":254,"column":3}},"102":{"start":{"line":243,"column":4},"end":{"line":243,"column":47}},"103":{"start":{"line":244,"column":4},"end":{"line":244,"column":53}},"104":{"start":{"line":245,"column":4},"end":{"line":245,"column":23}},"105":{"start":{"line":246,"column":4},"end":{"line":246,"column":68}},"106":{"start":{"line":247,"column":9},"end":{"line":254,"column":3}},"107":{"start":{"line":248,"column":4},"end":{"line":248,"column":42}},"108":{"start":{"line":249,"column":4},"end":{"line":249,"column":69}},"109":{"start":{"line":250,"column":4},"end":{"line":250,"column":26}},"110":{"start":{"line":251,"column":4},"end":{"line":253,"column":6}},"111":{"start":{"line":256,"column":2},"end":{"line":264,"column":4}},"112":{"start":{"line":168,"column":13},"end":{"line":168,"column":29}},"113":{"start":{"line":267,"column":30},"end":{"line":334,"column":1}},"114":{"start":{"line":268,"column":27},"end":{"line":268,"column":47}},"115":{"start":{"line":269,"column":24},"end":{"line":269,"column":51}},"116":{"start":{"line":271,"column":4},"end":{"line":271,"column":8}},"117":{"start":{"line":273,"column":32},"end":{"line":273,"column":62}},"118":{"start":{"line":274,"column":34},"end":{"line":274,"column":66}},"119":{"start":{"line":275,"column":22},"end":{"line":275,"column":23}},"120":{"start":{"line":276,"column":28},"end":{"line":276,"column":30}},"121":{"start":{"line":277,"column":27},"end":{"line":277,"column":29}},"122":{"start":{"line":278,"column":29},"end":{"line":278,"column":31}},"123":{"start":{"line":279,"column":37},"end":{"line":281,"column":4}},"124":{"start":{"line":283,"column":27},"end":{"line":283,"column":51}},"125":{"start":{"line":286,"column":2},"end":{"line":323,"column":3}},"126":{"start":{"line":287,"column":4},"end":{"line":287,"column":45}},"127":{"start":{"line":288,"column":9},"end":{"line":323,"column":3}},"128":{"start":{"line":289,"column":4},"end":{"line":289,"column":51}},"129":{"start":{"line":290,"column":9},"end":{"line":323,"column":3}},"130":{"start":{"line":291,"column":4},"end":{"line":291,"column":54}},"131":{"start":{"line":292,"column":9},"end":{"line":323,"column":3}},"132":{"start":{"line":293,"column":4},"end":{"line":293,"column":45}},"133":{"start":{"line":294,"column":9},"end":{"line":323,"column":3}},"134":{"start":{"line":295,"column":4},"end":{"line":295,"column":48}},"135":{"start":{"line":296,"column":9},"end":{"line":323,"column":3}},"136":{"start":{"line":302,"column":4},"end":{"line":302,"column":64}},"137":{"start":{"line":303,"column":9},"end":{"line":323,"column":3}},"138":{"start":{"line":304,"column":4},"end":{"line":304,"column":51}},"139":{"start":{"line":305,"column":4},"end":{"line":305,"column":23}},"140":{"start":{"line":306,"column":4},"end":{"line":306,"column":53}},"141":{"start":{"line":307,"column":4},"end":{"line":307,"column":57}},"142":{"start":{"line":308,"column":9},"end":{"line":323,"column":3}},"143":{"start":{"line":309,"column":4},"end":{"line":309,"column":57}},"144":{"start":{"line":310,"column":4},"end":{"line":310,"column":26}},"145":{"start":{"line":311,"column":4},"end":{"line":311,"column":56}},"146":{"start":{"line":312,"column":4},"end":{"line":312,"column":57}},"147":{"start":{"line":313,"column":9},"end":{"line":323,"column":3}},"148":{"start":{"line":314,"column":4},"end":{"line":314,"column":56}},"149":{"start":{"line":315,"column":4},"end":{"line":315,"column":26}},"150":{"start":{"line":316,"column":4},"end":{"line":316,"column":56}},"151":{"start":{"line":317,"column":4},"end":{"line":317,"column":57}},"152":{"start":{"line":318,"column":9},"end":{"line":323,"column":3}},"153":{"start":{"line":319,"column":4},"end":{"line":319,"column":46}},"154":{"start":{"line":320,"column":4},"end":{"line":320,"column":23}},"155":{"start":{"line":321,"column":4},"end":{"line":321,"column":53}},"156":{"start":{"line":322,"column":4},"end":{"line":322,"column":20}},"157":{"start":{"line":325,"column":2},"end":{"line":333,"column":4}},"158":{"start":{"line":267,"column":13},"end":{"line":267,"column":30}},"159":{"start":{"line":336,"column":45},"end":{"line":375,"column":1}},"160":{"start":{"line":337,"column":32},"end":{"line":337,"column":76}},"161":{"start":{"line":339,"column":4},"end":{"line":339,"column":50}},"162":{"start":{"line":340,"column":22},"end":{"line":340,"column":23}},"163":{"start":{"line":341,"column":28},"end":{"line":341,"column":30}},"164":{"start":{"line":342,"column":27},"end":{"line":342,"column":29}},"165":{"start":{"line":343,"column":29},"end":{"line":343,"column":31}},"166":{"start":{"line":344,"column":37},"end":{"line":346,"column":4}},"167":{"start":{"line":348,"column":2},"end":{"line":364,"column":3}},"168":{"start":{"line":349,"column":4},"end":{"line":349,"column":44}},"169":{"start":{"line":350,"column":9},"end":{"line":364,"column":3}},"170":{"start":{"line":351,"column":4},"end":{"line":351,"column":37}},"171":{"start":{"line":352,"column":9},"end":{"line":364,"column":3}},"172":{"start":{"line":353,"column":4},"end":{"line":353,"column":51}},"173":{"start":{"line":354,"column":9},"end":{"line":364,"column":3}},"174":{"start":{"line":355,"column":4},"end":{"line":355,"column":50}},"175":{"start":{"line":356,"column":4},"end":{"line":356,"column":23}},"176":{"start":{"line":357,"column":4},"end":{"line":358,"column":70}},"177":{"start":{"line":359,"column":9},"end":{"line":364,"column":3}},"178":{"start":{"line":360,"column":4},"end":{"line":360,"column":52}},"179":{"start":{"line":361,"column":4},"end":{"line":361,"column":26}},"180":{"start":{"line":362,"column":4},"end":{"line":362,"column":74}},"181":{"start":{"line":363,"column":4},"end":{"line":363,"column":49}},"182":{"start":{"line":366,"column":2},"end":{"line":374,"column":4}},"183":{"start":{"line":336,"column":13},"end":{"line":336,"column":45}},"184":{"start":{"line":377,"column":39},"end":{"line":444,"column":1}},"185":{"start":{"line":381,"column":21},"end":{"line":381,"column":70}},"186":{"start":{"line":383,"column":24},"end":{"line":383,"column":55}},"187":{"start":{"line":385,"column":4},"end":{"line":385,"column":33}},"188":{"start":{"line":387,"column":32},"end":{"line":387,"column":59}},"189":{"start":{"line":388,"column":34},"end":{"line":388,"column":63}},"190":{"start":{"line":389,"column":22},"end":{"line":389,"column":23}},"191":{"start":{"line":390,"column":28},"end":{"line":390,"column":30}},"192":{"start":{"line":391,"column":27},"end":{"line":391,"column":29}},"193":{"start":{"line":392,"column":29},"end":{"line":392,"column":31}},"194":{"start":{"line":393,"column":37},"end":{"line":395,"column":4}},"195":{"start":{"line":397,"column":2},"end":{"line":433,"column":3}},"196":{"start":{"line":398,"column":4},"end":{"line":398,"column":51}},"197":{"start":{"line":399,"column":9},"end":{"line":433,"column":3}},"198":{"start":{"line":400,"column":4},"end":{"line":400,"column":77}},"199":{"start":{"line":401,"column":9},"end":{"line":433,"column":3}},"200":{"start":{"line":405,"column":4},"end":{"line":405,"column":79}},"201":{"start":{"line":406,"column":9},"end":{"line":433,"column":3}},"202":{"start":{"line":407,"column":4},"end":{"line":407,"column":49}},"203":{"start":{"line":408,"column":9},"end":{"line":433,"column":3}},"204":{"start":{"line":409,"column":4},"end":{"line":409,"column":49}},"205":{"start":{"line":410,"column":9},"end":{"line":433,"column":3}},"206":{"start":{"line":415,"column":4},"end":{"line":415,"column":60}},"207":{"start":{"line":416,"column":9},"end":{"line":433,"column":3}},"208":{"start":{"line":417,"column":4},"end":{"line":417,"column":58}},"209":{"start":{"line":418,"column":4},"end":{"line":418,"column":23}},"210":{"start":{"line":419,"column":4},"end":{"line":419,"column":64}},"211":{"start":{"line":420,"column":9},"end":{"line":433,"column":3}},"212":{"start":{"line":424,"column":4},"end":{"line":424,"column":61}},"213":{"start":{"line":425,"column":4},"end":{"line":425,"column":26}},"214":{"start":{"line":426,"column":4},"end":{"line":426,"column":67}},"215":{"start":{"line":427,"column":4},"end":{"line":427,"column":50}},"216":{"start":{"line":429,"column":4},"end":{"line":429,"column":58}},"217":{"start":{"line":430,"column":4},"end":{"line":430,"column":26}},"218":{"start":{"line":431,"column":4},"end":{"line":431,"column":67}},"219":{"start":{"line":432,"column":4},"end":{"line":432,"column":50}},"220":{"start":{"line":435,"column":2},"end":{"line":443,"column":4}},"221":{"start":{"line":377,"column":13},"end":{"line":377,"column":39}},"222":{"start":{"line":446,"column":31},"end":{"line":504,"column":1}},"223":{"start":{"line":450,"column":32},"end":{"line":450,"column":67}},"224":{"start":{"line":451,"column":34},"end":{"line":451,"column":71}},"225":{"start":{"line":452,"column":22},"end":{"line":452,"column":23}},"226":{"start":{"line":453,"column":28},"end":{"line":453,"column":30}},"227":{"start":{"line":454,"column":27},"end":{"line":454,"column":29}},"228":{"start":{"line":455,"column":29},"end":{"line":455,"column":31}},"229":{"start":{"line":456,"column":37},"end":{"line":456,"column":39}},"230":{"start":{"line":458,"column":21},"end":{"line":458,"column":54}},"231":{"start":{"line":458,"column":45},"end":{"line":458,"column":53}},"232":{"start":{"line":460,"column":2},"end":{"line":473,"column":3}},"233":{"start":{"line":461,"column":4},"end":{"line":461,"column":49}},"234":{"start":{"line":462,"column":9},"end":{"line":473,"column":3}},"235":{"start":{"line":463,"column":4},"end":{"line":463,"column":46}},"236":{"start":{"line":464,"column":9},"end":{"line":473,"column":3}},"237":{"start":{"line":467,"column":8},"end":{"line":467,"column":73}},"238":{"start":{"line":470,"column":4},"end":{"line":470,"column":57}},"239":{"start":{"line":471,"column":9},"end":{"line":473,"column":3}},"240":{"start":{"line":472,"column":4},"end":{"line":472,"column":65}},"241":{"start":{"line":474,"column":2},"end":{"line":493,"column":3}},"242":{"start":{"line":475,"column":4},"end":{"line":475,"column":42}},"243":{"start":{"line":476,"column":4},"end":{"line":476,"column":26}},"244":{"start":{"line":477,"column":4},"end":{"line":477,"column":75}},"245":{"start":{"line":478,"column":4},"end":{"line":478,"column":54}},"246":{"start":{"line":479,"column":9},"end":{"line":493,"column":3}},"247":{"start":{"line":480,"column":4},"end":{"line":480,"column":39}},"248":{"start":{"line":481,"column":4},"end":{"line":481,"column":23}},"249":{"start":{"line":482,"column":4},"end":{"line":482,"column":72}},"250":{"start":{"line":483,"column":4},"end":{"line":483,"column":51}},"251":{"start":{"line":484,"column":9},"end":{"line":493,"column":3}},"252":{"start":{"line":485,"column":4},"end":{"line":485,"column":39}},"253":{"start":{"line":486,"column":4},"end":{"line":486,"column":23}},"254":{"start":{"line":487,"column":4},"end":{"line":487,"column":72}},"255":{"start":{"line":488,"column":9},"end":{"line":493,"column":3}},"256":{"start":{"line":489,"column":4},"end":{"line":489,"column":45}},"257":{"start":{"line":490,"column":4},"end":{"line":490,"column":23}},"258":{"start":{"line":491,"column":4},"end":{"line":491,"column":72}},"259":{"start":{"line":492,"column":4},"end":{"line":492,"column":57}},"260":{"start":{"line":495,"column":2},"end":{"line":503,"column":4}},"261":{"start":{"line":446,"column":13},"end":{"line":446,"column":31}}},"fnMap":{"0":{"name":"generateAssessment","decl":{"start":{"line":19,"column":9},"end":{"line":19,"column":27}},"loc":{"start":{"line":26,"column":29},"end":{"line":37,"column":1}}},"1":{"name":"(anonymous_2)","decl":{"start":{"line":71,"column":33},"end":{"line":71,"column":34}},"loc":{"start":{"line":71,"column":55},"end":{"line":108,"column":1}}},"2":{"name":"contentLengthValidate","decl":{"start":{"line":110,"column":16},"end":{"line":110,"column":37}},"loc":{"start":{"line":110,"column":75},"end":{"line":166,"column":1}}},"3":{"name":"(anonymous_4)","decl":{"start":{"line":168,"column":29},"end":{"line":168,"column":null}},"loc":{"start":{"line":174,"column":4},"end":{"line":265,"column":1}}},"4":{"name":"(anonymous_5)","decl":{"start":{"line":267,"column":30},"end":{"line":267,"column":31}},"loc":{"start":{"line":267,"column":66},"end":{"line":334,"column":1}}},"5":{"name":"(anonymous_6)","decl":{"start":{"line":336,"column":45},"end":{"line":336,"column":46}},"loc":{"start":{"line":336,"column":64},"end":{"line":375,"column":1}}},"6":{"name":"(anonymous_7)","decl":{"start":{"line":377,"column":39},"end":{"line":377,"column":null}},"loc":{"start":{"line":380,"column":4},"end":{"line":444,"column":1}}},"7":{"name":"(anonymous_8)","decl":{"start":{"line":446,"column":31},"end":{"line":446,"column":null}},"loc":{"start":{"line":449,"column":4},"end":{"line":504,"column":1}}},"8":{"name":"(anonymous_9)","decl":{"start":{"line":458,"column":35},"end":{"line":458,"column":36}},"loc":{"start":{"line":458,"column":45},"end":{"line":458,"column":53}}},"9":{"name":"(anonymous_10)","decl":{"start":{"line":466,"column":6},"end":{"line":466,"column":7}},"loc":{"start":{"line":467,"column":8},"end":{"line":467,"column":73}}}},"branchMap":{"0":{"loc":{"start":{"line":79,"column":27},"end":{"line":79,"column":63}},"type":"cond-expr","locations":[{"start":{"line":79,"column":27},"end":{"line":79,"column":35}},{"start":{"line":79,"column":39},"end":{"line":79,"column":63}}]},"1":{"loc":{"start":{"line":79,"column":27},"end":{"line":79,"column":39}},"type":"binary-expr","locations":[{"start":{"line":79,"column":27},"end":{"line":79,"column":39}},{"start":{"line":79,"column":27},"end":{"line":79,"column":39}}]},"2":{"loc":{"start":{"line":82,"column":2},"end":{"line":97,"column":3}},"type":"if","locations":[{"start":{"line":82,"column":2},"end":{"line":97,"column":3}},{"start":{"line":84,"column":9},"end":{"line":97,"column":3}}]},"3":{"loc":{"start":{"line":82,"column":6},"end":{"line":82,"column":49}},"type":"binary-expr","locations":[{"start":{"line":82,"column":6},"end":{"line":82,"column":28}},{"start":{"line":82,"column":32},"end":{"line":82,"column":49}}]},"4":{"loc":{"start":{"line":84,"column":9},"end":{"line":97,"column":3}},"type":"if","locations":[{"start":{"line":84,"column":9},"end":{"line":97,"column":3}},{"start":{"line":86,"column":9},"end":{"line":97,"column":3}}]},"5":{"loc":{"start":{"line":86,"column":9},"end":{"line":97,"column":3}},"type":"if","locations":[{"start":{"line":86,"column":9},"end":{"line":97,"column":3}},{"start":{"line":92,"column":9},"end":{"line":97,"column":3}}]},"6":{"loc":{"start":{"line":125,"column":2},"end":{"line":155,"column":3}},"type":"if","locations":[{"start":{"line":125,"column":2},"end":{"line":155,"column":3}},{"start":{"line":127,"column":9},"end":{"line":155,"column":3}}]},"7":{"loc":{"start":{"line":125,"column":6},"end":{"line":125,"column":25}},"type":"binary-expr","locations":[{"start":{"line":125,"column":6},"end":{"line":125,"column":13}},{"start":{"line":125,"column":17},"end":{"line":125,"column":25}}]},"8":{"loc":{"start":{"line":127,"column":9},"end":{"line":155,"column":3}},"type":"if","locations":[{"start":{"line":127,"column":9},"end":{"line":155,"column":3}},{"start":{"line":129,"column":9},"end":{"line":155,"column":3}}]},"9":{"loc":{"start":{"line":129,"column":9},"end":{"line":155,"column":3}},"type":"if","locations":[{"start":{"line":129,"column":9},"end":{"line":155,"column":3}},{"start":{"line":131,"column":9},"end":{"line":155,"column":3}}]},"10":{"loc":{"start":{"line":131,"column":9},"end":{"line":155,"column":3}},"type":"if","locations":[{"start":{"line":131,"column":9},"end":{"line":155,"column":3}},{"start":{"line":137,"column":9},"end":{"line":155,"column":3}}]},"11":{"loc":{"start":{"line":132,"column":4},"end":{"line":134,"column":20}},"type":"binary-expr","locations":[{"start":{"line":132,"column":4},"end":{"line":132,"column":31}},{"start":{"line":133,"column":4},"end":{"line":133,"column":27}},{"start":{"line":134,"column":4},"end":{"line":134,"column":20}}]},"12":{"loc":{"start":{"line":137,"column":9},"end":{"line":155,"column":3}},"type":"if","locations":[{"start":{"line":137,"column":9},"end":{"line":155,"column":3}},{"start":{"line":139,"column":9},"end":{"line":155,"column":3}}]},"13":{"loc":{"start":{"line":137,"column":13},"end":{"line":137,"column":59}},"type":"binary-expr","locations":[{"start":{"line":137,"column":13},"end":{"line":137,"column":34}},{"start":{"line":137,"column":38},"end":{"line":137,"column":59}}]},"14":{"loc":{"start":{"line":139,"column":9},"end":{"line":155,"column":3}},"type":"if","locations":[{"start":{"line":139,"column":9},"end":{"line":155,"column":3}},{"start":{"line":141,"column":9},"end":{"line":155,"column":3}}]},"15":{"loc":{"start":{"line":141,"column":9},"end":{"line":155,"column":3}},"type":"if","locations":[{"start":{"line":141,"column":9},"end":{"line":155,"column":3}},{"start":{"line":146,"column":9},"end":{"line":155,"column":3}}]},"16":{"loc":{"start":{"line":146,"column":9},"end":{"line":155,"column":3}},"type":"if","locations":[{"start":{"line":146,"column":9},"end":{"line":155,"column":3}},{"start":{"line":151,"column":9},"end":{"line":155,"column":3}}]},"17":{"loc":{"start":{"line":151,"column":9},"end":{"line":155,"column":3}},"type":"if","locations":[{"start":{"line":151,"column":9},"end":{"line":155,"column":3}}]},"18":{"loc":{"start":{"line":151,"column":13},"end":{"line":151,"column":71}},"type":"binary-expr","locations":[{"start":{"line":151,"column":13},"end":{"line":151,"column":40}},{"start":{"line":151,"column":44},"end":{"line":151,"column":71}}]},"19":{"loc":{"start":{"line":194,"column":2},"end":{"line":254,"column":3}},"type":"if","locations":[{"start":{"line":194,"column":2},"end":{"line":254,"column":3}},{"start":{"line":196,"column":9},"end":{"line":254,"column":3}}]},"20":{"loc":{"start":{"line":194,"column":6},"end":{"line":194,"column":45}},"type":"binary-expr","locations":[{"start":{"line":194,"column":6},"end":{"line":194,"column":25}},{"start":{"line":194,"column":29},"end":{"line":194,"column":45}}]},"21":{"loc":{"start":{"line":196,"column":9},"end":{"line":254,"column":3}},"type":"if","locations":[{"start":{"line":196,"column":9},"end":{"line":254,"column":3}},{"start":{"line":201,"column":9},"end":{"line":254,"column":3}}]},"22":{"loc":{"start":{"line":197,"column":4},"end":{"line":198,"column":38}},"type":"binary-expr","locations":[{"start":{"line":197,"column":4},"end":{"line":197,"column":42}},{"start":{"line":198,"column":4},"end":{"line":198,"column":38}}]},"23":{"loc":{"start":{"line":201,"column":9},"end":{"line":254,"column":3}},"type":"if","locations":[{"start":{"line":201,"column":9},"end":{"line":254,"column":3}},{"start":{"line":206,"column":9},"end":{"line":254,"column":3}}]},"24":{"loc":{"start":{"line":202,"column":4},"end":{"line":203,"column":35}},"type":"binary-expr","locations":[{"start":{"line":202,"column":4},"end":{"line":202,"column":39}},{"start":{"line":203,"column":4},"end":{"line":203,"column":35}}]},"25":{"loc":{"start":{"line":206,"column":9},"end":{"line":254,"column":3}},"type":"if","locations":[{"start":{"line":206,"column":9},"end":{"line":254,"column":3}},{"start":{"line":210,"column":9},"end":{"line":254,"column":3}}]},"26":{"loc":{"start":{"line":206,"column":13},"end":{"line":206,"column":64}},"type":"binary-expr","locations":[{"start":{"line":206,"column":13},"end":{"line":206,"column":26}},{"start":{"line":206,"column":30},"end":{"line":206,"column":47}},{"start":{"line":206,"column":51},"end":{"line":206,"column":64}}]},"27":{"loc":{"start":{"line":210,"column":9},"end":{"line":254,"column":3}},"type":"if","locations":[{"start":{"line":210,"column":9},"end":{"line":254,"column":3}},{"start":{"line":218,"column":9},"end":{"line":254,"column":3}}]},"28":{"loc":{"start":{"line":211,"column":4},"end":{"line":213,"column":45}},"type":"binary-expr","locations":[{"start":{"line":211,"column":4},"end":{"line":211,"column":30}},{"start":{"line":212,"column":4},"end":{"line":212,"column":45}},{"start":{"line":213,"column":4},"end":{"line":213,"column":45}}]},"29":{"loc":{"start":{"line":218,"column":9},"end":{"line":254,"column":3}},"type":"if","locations":[{"start":{"line":218,"column":9},"end":{"line":254,"column":3}},{"start":{"line":226,"column":9},"end":{"line":254,"column":3}}]},"30":{"loc":{"start":{"line":219,"column":4},"end":{"line":221,"column":33}},"type":"binary-expr","locations":[{"start":{"line":219,"column":4},"end":{"line":219,"column":33}},{"start":{"line":220,"column":4},"end":{"line":220,"column":37}},{"start":{"line":221,"column":4},"end":{"line":221,"column":33}}]},"31":{"loc":{"start":{"line":226,"column":9},"end":{"line":254,"column":3}},"type":"if","locations":[{"start":{"line":226,"column":9},"end":{"line":254,"column":3}},{"start":{"line":231,"column":9},"end":{"line":254,"column":3}}]},"32":{"loc":{"start":{"line":226,"column":13},"end":{"line":226,"column":53}},"type":"binary-expr","locations":[{"start":{"line":226,"column":13},"end":{"line":226,"column":31}},{"start":{"line":226,"column":35},"end":{"line":226,"column":53}}]},"33":{"loc":{"start":{"line":231,"column":9},"end":{"line":254,"column":3}},"type":"if","locations":[{"start":{"line":231,"column":9},"end":{"line":254,"column":3}},{"start":{"line":237,"column":9},"end":{"line":254,"column":3}}]},"34":{"loc":{"start":{"line":237,"column":9},"end":{"line":254,"column":3}},"type":"if","locations":[{"start":{"line":237,"column":9},"end":{"line":254,"column":3}},{"start":{"line":247,"column":9},"end":{"line":254,"column":3}}]},"35":{"loc":{"start":{"line":238,"column":4},"end":{"line":241,"column":24}},"type":"binary-expr","locations":[{"start":{"line":238,"column":4},"end":{"line":238,"column":23}},{"start":{"line":239,"column":4},"end":{"line":239,"column":23}},{"start":{"line":240,"column":4},"end":{"line":240,"column":24}},{"start":{"line":241,"column":4},"end":{"line":241,"column":24}}]},"36":{"loc":{"start":{"line":247,"column":9},"end":{"line":254,"column":3}},"type":"if","locations":[{"start":{"line":247,"column":9},"end":{"line":254,"column":3}}]},"37":{"loc":{"start":{"line":252,"column":6},"end":{"line":252,"column":53}},"type":"cond-expr","locations":[{"start":{"line":252,"column":24},"end":{"line":252,"column":26}},{"start":{"line":252,"column":6},"end":{"line":252,"column":53}}]},"38":{"loc":{"start":{"line":252,"column":6},"end":{"line":252,"column":26}},"type":"binary-expr","locations":[{"start":{"line":252,"column":6},"end":{"line":252,"column":26}},{"start":{"line":252,"column":6},"end":{"line":252,"column":26}}]},"39":{"loc":{"start":{"line":286,"column":2},"end":{"line":323,"column":3}},"type":"if","locations":[{"start":{"line":286,"column":2},"end":{"line":323,"column":3}},{"start":{"line":288,"column":9},"end":{"line":323,"column":3}}]},"40":{"loc":{"start":{"line":286,"column":6},"end":{"line":286,"column":22}},"type":"binary-expr","locations":[{"start":{"line":286,"column":6},"end":{"line":286,"column":13}},{"start":{"line":286,"column":17},"end":{"line":286,"column":22}}]},"41":{"loc":{"start":{"line":288,"column":9},"end":{"line":323,"column":3}},"type":"if","locations":[{"start":{"line":288,"column":9},"end":{"line":323,"column":3}},{"start":{"line":290,"column":9},"end":{"line":323,"column":3}}]},"42":{"loc":{"start":{"line":290,"column":9},"end":{"line":323,"column":3}},"type":"if","locations":[{"start":{"line":290,"column":9},"end":{"line":323,"column":3}},{"start":{"line":292,"column":9},"end":{"line":323,"column":3}}]},"43":{"loc":{"start":{"line":292,"column":9},"end":{"line":323,"column":3}},"type":"if","locations":[{"start":{"line":292,"column":9},"end":{"line":323,"column":3}},{"start":{"line":294,"column":9},"end":{"line":323,"column":3}}]},"44":{"loc":{"start":{"line":294,"column":9},"end":{"line":323,"column":3}},"type":"if","locations":[{"start":{"line":294,"column":9},"end":{"line":323,"column":3}},{"start":{"line":296,"column":9},"end":{"line":323,"column":3}}]},"45":{"loc":{"start":{"line":296,"column":9},"end":{"line":323,"column":3}},"type":"if","locations":[{"start":{"line":296,"column":9},"end":{"line":323,"column":3}},{"start":{"line":303,"column":9},"end":{"line":323,"column":3}}]},"46":{"loc":{"start":{"line":297,"column":4},"end":{"line":300,"column":22}},"type":"binary-expr","locations":[{"start":{"line":297,"column":4},"end":{"line":297,"column":18}},{"start":{"line":298,"column":4},"end":{"line":298,"column":18}},{"start":{"line":299,"column":4},"end":{"line":299,"column":22}},{"start":{"line":300,"column":4},"end":{"line":300,"column":22}}]},"47":{"loc":{"start":{"line":303,"column":9},"end":{"line":323,"column":3}},"type":"if","locations":[{"start":{"line":303,"column":9},"end":{"line":323,"column":3}},{"start":{"line":308,"column":9},"end":{"line":323,"column":3}}]},"48":{"loc":{"start":{"line":303,"column":13},"end":{"line":303,"column":54}},"type":"binary-expr","locations":[{"start":{"line":303,"column":13},"end":{"line":303,"column":32}},{"start":{"line":303,"column":36},"end":{"line":303,"column":54}}]},"49":{"loc":{"start":{"line":308,"column":9},"end":{"line":323,"column":3}},"type":"if","locations":[{"start":{"line":308,"column":9},"end":{"line":323,"column":3}},{"start":{"line":313,"column":9},"end":{"line":323,"column":3}}]},"50":{"loc":{"start":{"line":308,"column":13},"end":{"line":308,"column":59}},"type":"binary-expr","locations":[{"start":{"line":308,"column":13},"end":{"line":308,"column":36}},{"start":{"line":308,"column":40},"end":{"line":308,"column":59}}]},"51":{"loc":{"start":{"line":313,"column":9},"end":{"line":323,"column":3}},"type":"if","locations":[{"start":{"line":313,"column":9},"end":{"line":323,"column":3}},{"start":{"line":318,"column":9},"end":{"line":323,"column":3}}]},"52":{"loc":{"start":{"line":313,"column":13},"end":{"line":313,"column":62}},"type":"binary-expr","locations":[{"start":{"line":313,"column":13},"end":{"line":313,"column":36}},{"start":{"line":313,"column":40},"end":{"line":313,"column":62}}]},"53":{"loc":{"start":{"line":318,"column":9},"end":{"line":323,"column":3}},"type":"if","locations":[{"start":{"line":318,"column":9},"end":{"line":323,"column":3}}]},"54":{"loc":{"start":{"line":318,"column":13},"end":{"line":318,"column":63}},"type":"binary-expr","locations":[{"start":{"line":318,"column":13},"end":{"line":318,"column":36}},{"start":{"line":318,"column":40},"end":{"line":318,"column":63}}]},"55":{"loc":{"start":{"line":348,"column":2},"end":{"line":364,"column":3}},"type":"if","locations":[{"start":{"line":348,"column":2},"end":{"line":364,"column":3}},{"start":{"line":350,"column":9},"end":{"line":364,"column":3}}]},"56":{"loc":{"start":{"line":350,"column":9},"end":{"line":364,"column":3}},"type":"if","locations":[{"start":{"line":350,"column":9},"end":{"line":364,"column":3}},{"start":{"line":352,"column":9},"end":{"line":364,"column":3}}]},"57":{"loc":{"start":{"line":352,"column":9},"end":{"line":364,"column":3}},"type":"if","locations":[{"start":{"line":352,"column":9},"end":{"line":364,"column":3}},{"start":{"line":354,"column":9},"end":{"line":364,"column":3}}]},"58":{"loc":{"start":{"line":354,"column":9},"end":{"line":364,"column":3}},"type":"if","locations":[{"start":{"line":354,"column":9},"end":{"line":364,"column":3}},{"start":{"line":359,"column":9},"end":{"line":364,"column":3}}]},"59":{"loc":{"start":{"line":359,"column":9},"end":{"line":364,"column":3}},"type":"if","locations":[{"start":{"line":359,"column":9},"end":{"line":364,"column":3}}]},"60":{"loc":{"start":{"line":397,"column":2},"end":{"line":433,"column":3}},"type":"if","locations":[{"start":{"line":397,"column":2},"end":{"line":433,"column":3}},{"start":{"line":399,"column":9},"end":{"line":433,"column":3}}]},"61":{"loc":{"start":{"line":399,"column":9},"end":{"line":433,"column":3}},"type":"if","locations":[{"start":{"line":399,"column":9},"end":{"line":433,"column":3}},{"start":{"line":401,"column":9},"end":{"line":433,"column":3}}]},"62":{"loc":{"start":{"line":401,"column":9},"end":{"line":433,"column":3}},"type":"if","locations":[{"start":{"line":401,"column":9},"end":{"line":433,"column":3}},{"start":{"line":406,"column":9},"end":{"line":433,"column":3}}]},"63":{"loc":{"start":{"line":402,"column":4},"end":{"line":403,"column":22}},"type":"binary-expr","locations":[{"start":{"line":402,"column":4},"end":{"line":402,"column":53}},{"start":{"line":403,"column":4},"end":{"line":403,"column":22}}]},"64":{"loc":{"start":{"line":406,"column":9},"end":{"line":433,"column":3}},"type":"if","locations":[{"start":{"line":406,"column":9},"end":{"line":433,"column":3}},{"start":{"line":408,"column":9},"end":{"line":433,"column":3}}]},"65":{"loc":{"start":{"line":406,"column":13},"end":{"line":406,"column":55}},"type":"binary-expr","locations":[{"start":{"line":406,"column":13},"end":{"line":406,"column":21}},{"start":{"line":406,"column":25},"end":{"line":406,"column":55}}]},"66":{"loc":{"start":{"line":408,"column":9},"end":{"line":433,"column":3}},"type":"if","locations":[{"start":{"line":408,"column":9},"end":{"line":433,"column":3}},{"start":{"line":410,"column":9},"end":{"line":433,"column":3}}]},"67":{"loc":{"start":{"line":410,"column":9},"end":{"line":433,"column":3}},"type":"if","locations":[{"start":{"line":410,"column":9},"end":{"line":433,"column":3}},{"start":{"line":416,"column":9},"end":{"line":433,"column":3}}]},"68":{"loc":{"start":{"line":411,"column":4},"end":{"line":413,"column":25}},"type":"binary-expr","locations":[{"start":{"line":411,"column":4},"end":{"line":411,"column":22}},{"start":{"line":412,"column":4},"end":{"line":412,"column":22}},{"start":{"line":413,"column":4},"end":{"line":413,"column":25}}]},"69":{"loc":{"start":{"line":416,"column":9},"end":{"line":433,"column":3}},"type":"if","locations":[{"start":{"line":416,"column":9},"end":{"line":433,"column":3}},{"start":{"line":420,"column":9},"end":{"line":433,"column":3}}]},"70":{"loc":{"start":{"line":416,"column":13},"end":{"line":416,"column":67}},"type":"binary-expr","locations":[{"start":{"line":416,"column":13},"end":{"line":416,"column":38}},{"start":{"line":416,"column":42},"end":{"line":416,"column":67}}]},"71":{"loc":{"start":{"line":420,"column":9},"end":{"line":433,"column":3}},"type":"if","locations":[{"start":{"line":420,"column":9},"end":{"line":433,"column":3}},{"start":{"line":428,"column":9},"end":{"line":433,"column":3}}]},"72":{"loc":{"start":{"line":421,"column":4},"end":{"line":422,"column":28}},"type":"binary-expr","locations":[{"start":{"line":421,"column":5},"end":{"line":421,"column":33}},{"start":{"line":421,"column":37},"end":{"line":421,"column":61}},{"start":{"line":422,"column":4},"end":{"line":422,"column":28}}]},"73":{"loc":{"start":{"line":458,"column":21},"end":{"line":458,"column":54}},"type":"cond-expr","locations":[{"start":{"line":458,"column":27},"end":{"line":458,"column":29}},{"start":{"line":458,"column":21},"end":{"line":458,"column":54}}]},"74":{"loc":{"start":{"line":458,"column":21},"end":{"line":458,"column":29}},"type":"binary-expr","locations":[{"start":{"line":458,"column":21},"end":{"line":458,"column":29}},{"start":{"line":458,"column":21},"end":{"line":458,"column":29}}]},"75":{"loc":{"start":{"line":460,"column":2},"end":{"line":473,"column":3}},"type":"if","locations":[{"start":{"line":460,"column":2},"end":{"line":473,"column":3}},{"start":{"line":462,"column":9},"end":{"line":473,"column":3}}]},"76":{"loc":{"start":{"line":460,"column":6},"end":{"line":460,"column":50}},"type":"binary-expr","locations":[{"start":{"line":460,"column":6},"end":{"line":460,"column":13}},{"start":{"line":460,"column":17},"end":{"line":460,"column":50}}]},"77":{"loc":{"start":{"line":462,"column":9},"end":{"line":473,"column":3}},"type":"if","locations":[{"start":{"line":462,"column":9},"end":{"line":473,"column":3}},{"start":{"line":464,"column":9},"end":{"line":473,"column":3}}]},"78":{"loc":{"start":{"line":464,"column":9},"end":{"line":473,"column":3}},"type":"if","locations":[{"start":{"line":464,"column":9},"end":{"line":473,"column":3}},{"start":{"line":471,"column":9},"end":{"line":473,"column":3}}]},"79":{"loc":{"start":{"line":467,"column":8},"end":{"line":467,"column":73}},"type":"binary-expr","locations":[{"start":{"line":467,"column":8},"end":{"line":467,"column":32}},{"start":{"line":467,"column":36},"end":{"line":467,"column":56}},{"start":{"line":467,"column":60},"end":{"line":467,"column":73}}]},"80":{"loc":{"start":{"line":471,"column":9},"end":{"line":473,"column":3}},"type":"if","locations":[{"start":{"line":471,"column":9},"end":{"line":473,"column":3}}]},"81":{"loc":{"start":{"line":474,"column":2},"end":{"line":493,"column":3}},"type":"if","locations":[{"start":{"line":474,"column":2},"end":{"line":493,"column":3}},{"start":{"line":479,"column":9},"end":{"line":493,"column":3}}]},"82":{"loc":{"start":{"line":474,"column":6},"end":{"line":474,"column":49}},"type":"binary-expr","locations":[{"start":{"line":474,"column":6},"end":{"line":474,"column":25}},{"start":{"line":474,"column":29},"end":{"line":474,"column":49}}]},"83":{"loc":{"start":{"line":479,"column":9},"end":{"line":493,"column":3}},"type":"if","locations":[{"start":{"line":479,"column":9},"end":{"line":493,"column":3}},{"start":{"line":484,"column":9},"end":{"line":493,"column":3}}]},"84":{"loc":{"start":{"line":479,"column":13},"end":{"line":479,"column":70}},"type":"binary-expr","locations":[{"start":{"line":479,"column":13},"end":{"line":479,"column":32}},{"start":{"line":479,"column":36},"end":{"line":479,"column":55}},{"start":{"line":479,"column":59},"end":{"line":479,"column":70}}]},"85":{"loc":{"start":{"line":484,"column":9},"end":{"line":493,"column":3}},"type":"if","locations":[{"start":{"line":484,"column":9},"end":{"line":493,"column":3}},{"start":{"line":488,"column":9},"end":{"line":493,"column":3}}]},"86":{"loc":{"start":{"line":484,"column":13},"end":{"line":484,"column":69}},"type":"binary-expr","locations":[{"start":{"line":484,"column":13},"end":{"line":484,"column":32}},{"start":{"line":484,"column":36},"end":{"line":484,"column":55}},{"start":{"line":484,"column":59},"end":{"line":484,"column":69}}]},"87":{"loc":{"start":{"line":488,"column":9},"end":{"line":493,"column":3}},"type":"if","locations":[{"start":{"line":488,"column":9},"end":{"line":493,"column":3}}]},"88":{"loc":{"start":{"line":488,"column":13},"end":{"line":488,"column":55}},"type":"binary-expr","locations":[{"start":{"line":488,"column":13},"end":{"line":488,"column":32}},{"start":{"line":488,"column":36},"end":{"line":488,"column":55}}]}},"s":{"0":1,"1":33,"2":1,"3":1,"4":1,"5":33,"6":1,"7":1,"8":7,"9":7,"10":7,"11":7,"12":7,"13":7,"14":7,"15":7,"16":3,"17":4,"18":2,"19":2,"20":1,"21":1,"22":1,"23":1,"24":1,"25":1,"26":1,"27":2,"28":1,"29":12,"30":12,"31":12,"32":12,"33":12,"34":12,"35":12,"36":12,"37":12,"38":9,"39":0,"40":9,"41":1,"42":8,"43":1,"44":7,"45":1,"46":6,"47":1,"48":5,"49":1,"50":4,"51":1,"52":1,"53":1,"54":1,"55":3,"56":1,"57":1,"58":1,"59":1,"60":2,"61":2,"62":2,"63":2,"64":4,"65":1,"66":1,"67":18,"68":18,"69":18,"70":16,"71":13,"72":13,"73":13,"74":13,"75":13,"76":13,"77":13,"78":13,"79":0,"80":13,"81":3,"82":10,"83":0,"84":10,"85":1,"86":9,"87":1,"88":8,"89":2,"90":6,"91":3,"92":3,"93":3,"94":3,"95":3,"96":1,"97":1,"98":1,"99":1,"100":1,"101":2,"102":1,"103":1,"104":1,"105":1,"106":1,"107":1,"108":1,"109":1,"110":1,"111":6,"112":1,"113":1,"114":13,"115":13,"116":13,"117":11,"118":11,"119":11,"120":11,"121":11,"122":11,"123":11,"124":11,"125":11,"126":0,"127":11,"128":1,"129":10,"130":2,"131":8,"132":0,"133":8,"134":0,"135":8,"136":0,"137":8,"138":3,"139":3,"140":3,"141":3,"142":5,"143":2,"144":2,"145":2,"146":2,"147":3,"148":1,"149":1,"150":1,"151":1,"152":2,"153":2,"154":2,"155":2,"156":2,"157":8,"158":1,"159":1,"160":7,"161":7,"162":7,"163":7,"164":7,"165":7,"166":7,"167":7,"168":2,"169":5,"170":1,"171":4,"172":2,"173":2,"174":1,"175":1,"176":1,"177":1,"178":1,"179":1,"180":1,"181":1,"182":2,"183":1,"184":1,"185":12,"186":11,"187":11,"188":11,"189":11,"190":11,"191":11,"192":11,"193":11,"194":11,"195":11,"196":1,"197":10,"198":1,"199":9,"200":1,"201":8,"202":0,"203":8,"204":2,"205":6,"206":0,"207":6,"208":2,"209":2,"210":2,"211":4,"212":3,"213":3,"214":3,"215":3,"216":1,"217":1,"218":1,"219":1,"220":6,"221":1,"222":1,"223":13,"224":13,"225":13,"226":13,"227":13,"228":13,"229":13,"230":13,"231":7,"232":12,"233":4,"234":8,"235":0,"236":8,"237":7,"238":1,"239":7,"240":2,"241":5,"242":1,"243":1,"244":1,"245":1,"246":4,"247":1,"248":1,"249":1,"250":1,"251":3,"252":2,"253":2,"254":2,"255":1,"256":1,"257":1,"258":1,"259":1,"260":5,"261":1},"f":{"0":33,"1":7,"2":12,"3":18,"4":13,"5":7,"6":12,"7":13,"8":7,"9":7},"b":{"0":[4,3],"1":[7,6],"2":[3,4],"3":[7,5],"4":[2,2],"5":[1,1],"6":[0,9],"7":[9,9],"8":[1,8],"9":[1,7],"10":[1,6],"11":[7,1,1],"12":[1,5],"13":[6,5],"14":[1,4],"15":[1,3],"16":[1,2],"17":[2],"18":[2,2],"19":[0,13],"20":[13,13],"21":[3,10],"22":[13,3],"23":[0,10],"24":[10,0],"25":[1,9],"26":[10,9,9],"27":[1,8],"28":[9,8,8],"29":[2,6],"30":[8,6,6],"31":[3,3],"32":[6,5],"33":[1,2],"34":[1,1],"35":[2,2,2,2],"36":[1],"37":[0,1],"38":[1,1],"39":[0,11],"40":[11,11],"41":[1,10],"42":[2,8],"43":[0,8],"44":[0,8],"45":[0,8],"46":[8,8,8,8],"47":[3,5],"48":[8,6],"49":[2,3],"50":[5,2],"51":[1,2],"52":[3,3],"53":[2],"54":[2,2],"55":[2,5],"56":[1,4],"57":[2,2],"58":[1,1],"59":[1],"60":[1,10],"61":[1,9],"62":[1,8],"63":[9,9],"64":[0,8],"65":[8,8],"66":[2,6],"67":[0,6],"68":[6,6,6],"69":[2,4],"70":[6,4],"71":[3,1],"72":[4,3,3],"73":[4,9],"74":[13,11],"75":[4,8],"76":[12,8],"77":[0,8],"78":[1,7],"79":[7,6,6],"80":[2],"81":[1,4],"82":[5,4],"83":[1,3],"84":[4,3,3],"85":[2,1],"86":[3,2,2],"87":[1],"88":[1,1]}}
,"/Users/danghuuphuc001/Desktop/Projects/seo-analyzer/src/seo-logs.ts": {"path":"/Users/danghuuphuc001/Desktop/Projects/seo-analyzer/src/seo-logs.ts","statementMap":{"0":{"start":{"line":1,"column":13},"end":{"line":5,"column":2}},"1":{"start":{"line":7,"column":33},"end":{"line":19,"column":1}},"2":{"start":{"line":13,"column":2},"end":{"line":18,"column":4}},"3":{"start":{"line":21,"column":13},"end":{"line":25,"column":2}},"4":{"start":{"line":22,"column":30},"end":{"line":22,"column":66}},"5":{"start":{"line":23,"column":33},"end":{"line":23,"column":69}},"6":{"start":{"line":24,"column":30},"end":{"line":24,"column":71}},"7":{"start":{"line":27,"column":13},"end":{"line":40,"column":2}},"8":{"start":{"line":42,"column":13},"end":{"line":66,"column":2}},"9":{"start":{"line":65,"column":4},"end":{"line":65,"column":64}},"10":{"start":{"line":68,"column":13},"end":{"line":77,"column":2}},"11":{"start":{"line":79,"column":13},"end":{"line":90,"column":2}},"12":{"start":{"line":92,"column":13},"end":{"line":107,"column":2}},"13":{"start":{"line":101,"column":4},"end":{"line":101,"column":60}},"14":{"start":{"line":103,"column":4},"end":{"line":103,"column":68}},"15":{"start":{"line":105,"column":4},"end":{"line":105,"column":85}},"16":{"start":{"line":106,"column":34},"end":{"line":106,"column":74}},"17":{"start":{"line":109,"column":13},"end":{"line":124,"column":2}},"18":{"start":{"line":118,"column":35},"end":{"line":118,"column":77}},"19":{"start":{"line":120,"column":4},"end":{"line":122,"column":37}},"20":{"start":{"line":123,"column":35},"end":{"line":123,"column":79}},"21":{"start":{"line":126,"column":13},"end":{"line":140,"column":2}}},"fnMap":{"0":{"name":"(anonymous_0)","decl":{"start":{"line":7,"column":33},"end":{"line":7,"column":null}},"loc":{"start":{"line":12,"column":4},"end":{"line":19,"column":1}}},"1":{"name":"(anonymous_1)","decl":{"start":{"line":22,"column":8},"end":{"line":22,"column":9}},"loc":{"start":{"line":22,"column":30},"end":{"line":22,"column":66}}},"2":{"name":"(anonymous_2)","decl":{"start":{"line":23,"column":11},"end":{"line":23,"column":12}},"loc":{"start":{"line":23,"column":33},"end":{"line":23,"column":69}}},"3":{"name":"(anonymous_3)","decl":{"start":{"line":24,"column":8},"end":{"line":24,"column":9}},"loc":{"start":{"line":24,"column":30},"end":{"line":24,"column":71}}},"4":{"name":"(anonymous_4)","decl":{"start":{"line":64,"column":14},"end":{"line":64,"column":15}},"loc":{"start":{"line":65,"column":4},"end":{"line":65,"column":64}}},"5":{"name":"(anonymous_5)","decl":{"start":{"line":100,"column":19},"end":{"line":100,"column":20}},"loc":{"start":{"line":101,"column":4},"end":{"line":101,"column":60}}},"6":{"name":"(anonymous_6)","decl":{"start":{"line":102,"column":25},"end":{"line":102,"column":26}},"loc":{"start":{"line":103,"column":4},"end":{"line":103,"column":68}}},"7":{"name":"(anonymous_7)","decl":{"start":{"line":104,"column":24},"end":{"line":104,"column":25}},"loc":{"start":{"line":105,"column":4},"end":{"line":105,"column":85}}},"8":{"name":"(anonymous_8)","decl":{"start":{"line":106,"column":14},"end":{"line":106,"column":15}},"loc":{"start":{"line":106,"column":34},"end":{"line":106,"column":74}}},"9":{"name":"(anonymous_9)","decl":{"start":{"line":118,"column":14},"end":{"line":118,"column":15}},"loc":{"start":{"line":118,"column":35},"end":{"line":118,"column":77}}},"10":{"name":"(anonymous_10)","decl":{"start":{"line":119,"column":17},"end":{"line":119,"column":18}},"loc":{"start":{"line":120,"column":4},"end":{"line":122,"column":37}}},"11":{"name":"(anonymous_11)","decl":{"start":{"line":123,"column":14},"end":{"line":123,"column":15}},"loc":{"start":{"line":123,"column":35},"end":{"line":123,"column":79}}}},"branchMap":{},"s":{"0":1,"1":1,"2":7,"3":1,"4":24,"5":20,"6":22,"7":1,"8":1,"9":2,"10":1,"11":1,"12":1,"13":6,"14":4,"15":2,"16":4,"17":1,"18":2,"19":6,"20":4,"21":1},"f":{"0":7,"1":24,"2":20,"3":22,"4":2,"5":6,"6":4,"7":2,"8":4,"9":2,"10":6,"11":4},"b":{}}
}
