TN:
SF:src/criteria-validate.ts
FN:19,generateAssessment
FN:71,(anonymous_2)
FN:110,contentLengthValidate
FN:168,(anonymous_4)
FN:267,(anonymous_5)
FN:336,(anonymous_6)
FN:377,(anonymous_7)
FN:446,(anonymous_8)
FN:458,(anonymous_9)
FN:466,(anonymous_10)
FNF:10
FNH:10
FNDA:33,generateAssessment
FNDA:7,(anonymous_2)
FNDA:12,contentLengthValidate
FNDA:18,(anonymous_4)
FNDA:13,(anonymous_5)
FNDA:7,(anonymous_6)
FNDA:12,(anonymous_7)
FNDA:13,(anonymous_8)
FNDA:7,(anonymous_9)
FNDA:7,(anonymous_10)
DA:1,1
DA:28,33
DA:39,1
DA:40,1
DA:41,1
DA:43,1
DA:60,33
DA:71,1
DA:72,7
DA:73,7
DA:74,7
DA:75,7
DA:76,7
DA:77,7
DA:78,7
DA:82,7
DA:83,3
DA:84,4
DA:85,2
DA:86,2
DA:87,1
DA:88,1
DA:89,1
DA:93,1
DA:94,1
DA:95,1
DA:96,1
DA:99,2
DA:110,1
DA:111,12
DA:113,12
DA:114,12
DA:115,12
DA:116,12
DA:117,12
DA:118,12
DA:119,12
DA:123,12
DA:125,9
DA:126,0
DA:127,9
DA:128,1
DA:129,8
DA:130,1
DA:131,7
DA:136,1
DA:137,6
DA:138,1
DA:139,5
DA:140,1
DA:141,4
DA:142,1
DA:143,1
DA:144,1
DA:145,1
DA:146,3
DA:147,1
DA:148,1
DA:149,1
DA:150,1
DA:151,2
DA:152,2
DA:153,2
DA:154,2
DA:157,4
DA:168,1
DA:175,18
DA:176,18
DA:178,18
DA:180,16
DA:182,13
DA:183,13
DA:184,13
DA:185,13
DA:186,13
DA:187,13
DA:188,13
DA:194,13
DA:195,0
DA:196,13
DA:200,3
DA:201,10
DA:205,0
DA:206,10
DA:207,1
DA:210,9
DA:215,1
DA:218,8
DA:223,2
DA:226,6
DA:227,3
DA:228,3
DA:229,3
DA:230,3
DA:231,3
DA:232,1
DA:233,1
DA:234,1
DA:235,1
DA:236,1
DA:237,2
DA:243,1
DA:244,1
DA:245,1
DA:246,1
DA:247,1
DA:248,1
DA:249,1
DA:250,1
DA:251,1
DA:256,6
DA:267,1
DA:268,13
DA:269,13
DA:271,13
DA:273,11
DA:274,11
DA:275,11
DA:276,11
DA:277,11
DA:278,11
DA:279,11
DA:283,11
DA:286,11
DA:287,0
DA:288,11
DA:289,1
DA:290,10
DA:291,2
DA:292,8
DA:293,0
DA:294,8
DA:295,0
DA:296,8
DA:302,0
DA:303,8
DA:304,3
DA:305,3
DA:306,3
DA:307,3
DA:308,5
DA:309,2
DA:310,2
DA:311,2
DA:312,2
DA:313,3
DA:314,1
DA:315,1
DA:316,1
DA:317,1
DA:318,2
DA:319,2
DA:320,2
DA:321,2
DA:322,2
DA:325,8
DA:336,1
DA:337,7
DA:339,7
DA:340,7
DA:341,7
DA:342,7
DA:343,7
DA:344,7
DA:348,7
DA:349,2
DA:350,5
DA:351,1
DA:352,4
DA:353,2
DA:354,2
DA:355,1
DA:356,1
DA:357,1
DA:359,1
DA:360,1
DA:361,1
DA:362,1
DA:363,1
DA:366,2
DA:377,1
DA:381,12
DA:383,11
DA:385,11
DA:387,11
DA:388,11
DA:389,11
DA:390,11
DA:391,11
DA:392,11
DA:393,11
DA:397,11
DA:398,1
DA:399,10
DA:400,1
DA:401,9
DA:405,1
DA:406,8
DA:407,0
DA:408,8
DA:409,2
DA:410,6
DA:415,0
DA:416,6
DA:417,2
DA:418,2
DA:419,2
DA:420,4
DA:424,3
DA:425,3
DA:426,3
DA:427,3
DA:429,1
DA:430,1
DA:431,1
DA:432,1
DA:435,6
DA:446,1
DA:450,13
DA:451,13
DA:452,13
DA:453,13
DA:454,13
DA:455,13
DA:456,13
DA:458,13
DA:460,12
DA:461,4
DA:462,8
DA:463,0
DA:464,8
DA:467,7
DA:470,1
DA:471,7
DA:472,2
DA:474,5
DA:475,1
DA:476,1
DA:477,1
DA:478,1
DA:479,4
DA:480,1
DA:481,1
DA:482,1
DA:483,1
DA:484,3
DA:485,2
DA:486,2
DA:487,2
DA:488,1
DA:489,1
DA:490,1
DA:491,1
DA:492,1
DA:495,5
LF:255
LH:245
BRDA:79,0,0,4
BRDA:79,0,1,3
BRDA:79,1,0,7
BRDA:79,1,1,6
BRDA:82,2,0,3
BRDA:82,2,1,4
BRDA:82,3,0,7
BRDA:82,3,1,5
BRDA:84,4,0,2
BRDA:84,4,1,2
BRDA:86,5,0,1
BRDA:86,5,1,1
BRDA:125,6,0,0
BRDA:125,6,1,9
BRDA:125,7,0,9
BRDA:125,7,1,9
BRDA:127,8,0,1
BRDA:127,8,1,8
BRDA:129,9,0,1
BRDA:129,9,1,7
BRDA:131,10,0,1
BRDA:131,10,1,6
BRDA:132,11,0,7
BRDA:132,11,1,1
BRDA:132,11,2,1
BRDA:137,12,0,1
BRDA:137,12,1,5
BRDA:137,13,0,6
BRDA:137,13,1,5
BRDA:139,14,0,1
BRDA:139,14,1,4
BRDA:141,15,0,1
BRDA:141,15,1,3
BRDA:146,16,0,1
BRDA:146,16,1,2
BRDA:151,17,0,2
BRDA:151,18,0,2
BRDA:151,18,1,2
BRDA:194,19,0,0
BRDA:194,19,1,13
BRDA:194,20,0,13
BRDA:194,20,1,13
BRDA:196,21,0,3
BRDA:196,21,1,10
BRDA:197,22,0,13
BRDA:197,22,1,3
BRDA:201,23,0,0
BRDA:201,23,1,10
BRDA:202,24,0,10
BRDA:202,24,1,0
BRDA:206,25,0,1
BRDA:206,25,1,9
BRDA:206,26,0,10
BRDA:206,26,1,9
BRDA:206,26,2,9
BRDA:210,27,0,1
BRDA:210,27,1,8
BRDA:211,28,0,9
BRDA:211,28,1,8
BRDA:211,28,2,8
BRDA:218,29,0,2
BRDA:218,29,1,6
BRDA:219,30,0,8
BRDA:219,30,1,6
BRDA:219,30,2,6
BRDA:226,31,0,3
BRDA:226,31,1,3
BRDA:226,32,0,6
BRDA:226,32,1,5
BRDA:231,33,0,1
BRDA:231,33,1,2
BRDA:237,34,0,1
BRDA:237,34,1,1
BRDA:238,35,0,2
BRDA:238,35,1,2
BRDA:238,35,2,2
BRDA:238,35,3,2
BRDA:247,36,0,1
BRDA:252,37,0,0
BRDA:252,37,1,1
BRDA:252,38,0,1
BRDA:252,38,1,1
BRDA:286,39,0,0
BRDA:286,39,1,11
BRDA:286,40,0,11
BRDA:286,40,1,11
BRDA:288,41,0,1
BRDA:288,41,1,10
BRDA:290,42,0,2
BRDA:290,42,1,8
BRDA:292,43,0,0
BRDA:292,43,1,8
BRDA:294,44,0,0
BRDA:294,44,1,8
BRDA:296,45,0,0
BRDA:296,45,1,8
BRDA:297,46,0,8
BRDA:297,46,1,8
BRDA:297,46,2,8
BRDA:297,46,3,8
BRDA:303,47,0,3
BRDA:303,47,1,5
BRDA:303,48,0,8
BRDA:303,48,1,6
BRDA:308,49,0,2
BRDA:308,49,1,3
BRDA:308,50,0,5
BRDA:308,50,1,2
BRDA:313,51,0,1
BRDA:313,51,1,2
BRDA:313,52,0,3
BRDA:313,52,1,3
BRDA:318,53,0,2
BRDA:318,54,0,2
BRDA:318,54,1,2
BRDA:348,55,0,2
BRDA:348,55,1,5
BRDA:350,56,0,1
BRDA:350,56,1,4
BRDA:352,57,0,2
BRDA:352,57,1,2
BRDA:354,58,0,1
BRDA:354,58,1,1
BRDA:359,59,0,1
BRDA:397,60,0,1
BRDA:397,60,1,10
BRDA:399,61,0,1
BRDA:399,61,1,9
BRDA:401,62,0,1
BRDA:401,62,1,8
BRDA:402,63,0,9
BRDA:402,63,1,9
BRDA:406,64,0,0
BRDA:406,64,1,8
BRDA:406,65,0,8
BRDA:406,65,1,8
BRDA:408,66,0,2
BRDA:408,66,1,6
BRDA:410,67,0,0
BRDA:410,67,1,6
BRDA:411,68,0,6
BRDA:411,68,1,6
BRDA:411,68,2,6
BRDA:416,69,0,2
BRDA:416,69,1,4
BRDA:416,70,0,6
BRDA:416,70,1,4
BRDA:420,71,0,3
BRDA:420,71,1,1
BRDA:421,72,0,4
BRDA:421,72,1,3
BRDA:421,72,2,3
BRDA:458,73,0,4
BRDA:458,73,1,9
BRDA:458,74,0,13
BRDA:458,74,1,11
BRDA:460,75,0,4
BRDA:460,75,1,8
BRDA:460,76,0,12
BRDA:460,76,1,8
BRDA:462,77,0,0
BRDA:462,77,1,8
BRDA:464,78,0,1
BRDA:464,78,1,7
BRDA:467,79,0,7
BRDA:467,79,1,6
BRDA:467,79,2,6
BRDA:471,80,0,2
BRDA:474,81,0,1
BRDA:474,81,1,4
BRDA:474,82,0,5
BRDA:474,82,1,4
BRDA:479,83,0,1
BRDA:479,83,1,3
BRDA:479,84,0,4
BRDA:479,84,1,3
BRDA:479,84,2,3
BRDA:484,85,0,2
BRDA:484,85,1,1
BRDA:484,86,0,3
BRDA:484,86,1,2
BRDA:484,86,2,2
BRDA:488,87,0,1
BRDA:488,88,0,1
BRDA:488,88,1,1
BRF:185
BRH:173
end_of_record
TN:
SF:src/seo-logs.ts
FN:7,(anonymous_0)
FN:22,(anonymous_1)
FN:23,(anonymous_2)
FN:24,(anonymous_3)
FN:64,(anonymous_4)
FN:100,(anonymous_5)
FN:102,(anonymous_6)
FN:104,(anonymous_7)
FN:106,(anonymous_8)
FN:118,(anonymous_9)
FN:119,(anonymous_10)
FN:123,(anonymous_11)
FNF:12
FNH:12
FNDA:7,(anonymous_0)
FNDA:24,(anonymous_1)
FNDA:20,(anonymous_2)
FNDA:22,(anonymous_3)
FNDA:2,(anonymous_4)
FNDA:6,(anonymous_5)
FNDA:4,(anonymous_6)
FNDA:2,(anonymous_7)
FNDA:4,(anonymous_8)
FNDA:2,(anonymous_9)
FNDA:6,(anonymous_10)
FNDA:4,(anonymous_11)
DA:1,1
DA:7,1
DA:13,7
DA:21,1
DA:22,24
DA:23,20
DA:24,22
DA:27,1
DA:42,1
DA:65,2
DA:68,1
DA:79,1
DA:92,1
DA:101,6
DA:103,4
DA:105,2
DA:106,4
DA:109,1
DA:118,2
DA:120,6
DA:123,4
DA:126,1
LF:22
LH:22
BRF:0
BRH:0
end_of_record
